<?xml version="1.0" encoding="UTF-8"?>
<testsuite xmlns:xsi="http://www.w3.org/2001/XMLSchema-instance" xsi:noNamespaceSchemaLocation="https://maven.apache.org/surefire/maven-surefire-plugin/xsd/surefire-test-report-3.0.xsd" version="3.0" name="IngredientTest" time="0.011" tests="72" errors="0" skipped="0" failures="0">
  <properties>
[...]
</properties>
  <testcase name="testGetPrice[РўРµСЃС‚ 0: SAUCE hot sauce С†РµРЅР° 100]" classname="IngredientTest" time="0.0"/>
  <testcase name="testGetName[РўРµСЃС‚ 0: SAUCE hot sauce С†РµРЅР° 100]" classname="IngredientTest" time="0.0"/>
  <testcase name="testGetType[РўРµСЃС‚ 0: SAUCE hot sauce С†РµРЅР° 100]" classname="IngredientTest" time="0.0"/>
  <testcase name="testPublicFields[РўРµСЃС‚ 0: SAUCE hot sauce С†РµРЅР° 100]" classname="IngredientTest" time="0.0"/>
  <testcase name="testGetPrice[РўРµСЃС‚ 1: SAUCE sour cream С†РµРЅР° 200]" classname="IngredientTest" time="0.0"/>
  <testcase name="testGetName[РўРµСЃС‚ 1: SAUCE sour cream С†РµРЅР° 200]" classname="IngredientTest" time="0.0"/>
  <testcase name="testGetType[РўРµСЃС‚ 1: SAUCE sour cream С†РµРЅР° 200]" classname="IngredientTest" time="0.0"/>
  <testcase name="testPublicFields[РўРµСЃС‚ 1: SAUCE sour cream С†РµРЅР° 200]" classname="IngredientTest" time="0.0"/>
  <testcase name="testGetPrice[РўРµСЃС‚ 2: SAUCE chili sauce С†РµРЅР° 300]" classname="IngredientTest" time="0.0"/>
  <testcase name="testGetName[РўРµСЃС‚ 2: SAUCE chili sauce С†РµРЅР° 300]" classname="IngredientTest" time="0.0"/>
  <testcase name="testGetType[РўРµСЃС‚ 2: SAUCE chili sauce С†РµРЅР° 300]" classname="IngredientTest" time="0.0"/>
  <testcase name="testPublicFields[РўРµСЃС‚ 2: SAUCE chili sauce С†РµРЅР° 300]" classname="IngredientTest" time="0.0"/>
  <testcase name="testGetPrice[РўРµСЃС‚ 3: FILLING cutlet С†РµРЅР° 100]" classname="IngredientTest" time="0.0"/>
  <testcase name="testGetName[РўРµСЃС‚ 3: FILLING cutlet С†РµРЅР° 100]" classname="IngredientTest" time="0.0"/>
  <testcase name="testGetType[РўРµСЃС‚ 3: FILLING cutlet С†РµРЅР° 100]" classname="IngredientTest" time="0.0"/>
  <testcase name="testPublicFields[РўРµСЃС‚ 3: FILLING cutlet С†РµРЅР° 100]" classname="IngredientTest" time="0.0"/>
  <testcase name="testGetPrice[РўРµСЃС‚ 4: FILLING dinosaur С†РµРЅР° 200]" classname="IngredientTest" time="0.0"/>
  <testcase name="testGetName[РўРµСЃС‚ 4: FILLING dinosaur С†РµРЅР° 200]" classname="IngredientTest" time="0.0"/>
  <testcase name="testGetType[РўРµСЃС‚ 4: FILLING dinosaur С†РµРЅР° 200]" classname="IngredientTest" time="0.0"/>
  <testcase name="testPublicFields[РўРµСЃС‚ 4: FILLING dinosaur С†РµРЅР° 200]" classname="IngredientTest" time="0.0"/>
  <testcase name="testGetPrice[РўРµСЃС‚ 5: FILLING sausage С†РµРЅР° 300]" classname="IngredientTest" time="0.0"/>
  <testcase name="testGetName[РўРµСЃС‚ 5: FILLING sausage С†РµРЅР° 300]" classname="IngredientTest" time="0.0"/>
  <testcase name="testGetType[РўРµСЃС‚ 5: FILLING sausage С†РµРЅР° 300]" classname="IngredientTest" time="0.0"/>
  <testcase name="testPublicFields[РўРµСЃС‚ 5: FILLING sausage С†РµРЅР° 300]" classname="IngredientTest" time="0.0"/>
  <testcase name="testGetPrice[РўРµСЃС‚ 6: SAUCE  С†РµРЅР° 0]" classname="IngredientTest" time="0.0"/>
  <testcase name="testGetName[РўРµСЃС‚ 6: SAUCE  С†РµРЅР° 0]" classname="IngredientTest" time="0.0"/>
  <testcase name="testGetType[РўРµСЃС‚ 6: SAUCE  С†РµРЅР° 0]" classname="IngredientTest" time="0.0"/>
  <testcase name="testPublicFields[РўРµСЃС‚ 6: SAUCE  С†РµРЅР° 0]" classname="IngredientTest" time="0.0"/>
  <testcase name="testGetPrice[РўРµСЃС‚ 7: SAUCE null С†РµРЅР° 100]" classname="IngredientTest" time="0.0"/>
  <testcase name="testGetName[РўРµСЃС‚ 7: SAUCE null С†РµРЅР° 100]" classname="IngredientTest" time="0.0"/>
  <testcase name="testGetType[РўРµСЃС‚ 7: SAUCE null С†РµРЅР° 100]" classname="IngredientTest" time="0.0"/>
  <testcase name="testPublicFields[РўРµСЃС‚ 7: SAUCE null С†РµРЅР° 100]" classname="IngredientTest" time="0.0"/>
  <testcase name="testGetPrice[РўРµСЃС‚ 8: SAUCE РЎРѕСѓСЃ С†РµРЅР° -50]" classname="IngredientTest" time="0.0"/>
  <testcase name="testGetName[РўРµСЃС‚ 8: SAUCE РЎРѕСѓСЃ С†РµРЅР° -50]" classname="IngredientTest" time="0.0"/>
  <testcase name="testGetType[РўРµСЃС‚ 8: SAUCE РЎРѕСѓСЃ С†РµРЅР° -50]" classname="IngredientTest" time="0.0"/>
  <testcase name="testPublicFields[РўРµСЃС‚ 8: SAUCE РЎРѕСѓСЃ С†РµРЅР° -50]" classname="IngredientTest" time="0.0"/>
  <testcase name="testGetPrice[РўРµСЃС‚ 9: SAUCE РћС‡РµРЅСЊ РґР»РёРЅРЅРѕРµ РЅР°Р·РІР°РЅРёРµ СЃРѕСѓСЃР° РґР»СЏ С‚РµСЃС‚Р° С†РµРЅР° 150.5]" classname="IngredientTest" time="0.0"/>
  <testcase name="testGetName[РўРµСЃС‚ 9: SAUCE РћС‡РµРЅСЊ РґР»РёРЅРЅРѕРµ РЅР°Р·РІР°РЅРёРµ СЃРѕСѓСЃР° РґР»СЏ С‚РµСЃС‚Р° С†РµРЅР° 150.5]" classname="IngredientTest" time="0.0"/>
  <testcase name="testGetType[РўРµСЃС‚ 9: SAUCE РћС‡РµРЅСЊ РґР»РёРЅРЅРѕРµ РЅР°Р·РІР°РЅРёРµ СЃРѕСѓСЃР° РґР»СЏ С‚РµСЃС‚Р° С†РµРЅР° 150.5]" classname="IngredientTest" time="0.0"/>
  <testcase name="testPublicFields[РўРµСЃС‚ 9: SAUCE РћС‡РµРЅСЊ РґР»РёРЅРЅРѕРµ РЅР°Р·РІР°РЅРёРµ СЃРѕСѓСЃР° РґР»СЏ С‚РµСЃС‚Р° С†РµРЅР° 150.5]" classname="IngredientTest" time="0.0"/>
  <testcase name="testGetPrice[РўРµСЃС‚ 10: FILLING  С†РµРЅР° 0]" classname="IngredientTest" time="0.0"/>
  <testcase name="testGetName[РўРµСЃС‚ 10: FILLING  С†РµРЅР° 0]" classname="IngredientTest" time="0.0"/>
  <testcase name="testGetType[РўРµСЃС‚ 10: FILLING  С†РµРЅР° 0]" classname="IngredientTest" time="0.0"/>
  <testcase name="testPublicFields[РўРµСЃС‚ 10: FILLING  С†РµРЅР° 0]" classname="IngredientTest" time="0.0"/>
  <testcase name="testGetPrice[РўРµСЃС‚ 11: FILLING null С†РµРЅР° 200]" classname="IngredientTest" time="0.0"/>
  <testcase name="testGetName[РўРµСЃС‚ 11: FILLING null С†РµРЅР° 200]" classname="IngredientTest" time="0.0"/>
  <testcase name="testGetType[РўРµСЃС‚ 11: FILLING null С†РµРЅР° 200]" classname="IngredientTest" time="0.0"/>
  <testcase name="testPublicFields[РўРµСЃС‚ 11: FILLING null С†РµРЅР° 200]" classname="IngredientTest" time="0.0"/>
  <testcase name="testGetPrice[РўРµСЃС‚ 12: FILLING РќР°С‡РёРЅРєР° С†РµРЅР° -100]" classname="IngredientTest" time="0.0"/>
  <testcase name="testGetName[РўРµСЃС‚ 12: FILLING РќР°С‡РёРЅРєР° С†РµРЅР° -100]" classname="IngredientTest" time="0.0"/>
  <testcase name="testGetType[РўРµСЃС‚ 12: FILLING РќР°С‡РёРЅРєР° С†РµРЅР° -100]" classname="IngredientTest" time="0.0"/>
  <testcase name="testPublicFields[РўРµСЃС‚ 12: FILLING РќР°С‡РёРЅРєР° С†РµРЅР° -100]" classname="IngredientTest" time="0.0"/>
  <testcase name="testGetPrice[РўРµСЃС‚ 13: FILLING РЎРїРµС†РёР°Р»СЊРЅР°СЏ РЅР°С‡РёРЅРєР° СЃ СѓРЅРёРєР°Р»СЊРЅС‹Рј РІРєСѓСЃРѕРј С†РµРЅР° 999.99]" classname="IngredientTest" time="0.0"/>
  <testcase name="testGetName[РўРµСЃС‚ 13: FILLING РЎРїРµС†РёР°Р»СЊРЅР°СЏ РЅР°С‡РёРЅРєР° СЃ СѓРЅРёРєР°Р»СЊРЅС‹Рј РІРєСѓСЃРѕРј С†РµРЅР° 999.99]" classname="IngredientTest" time="0.0"/>
  <testcase name="testGetType[РўРµСЃС‚ 13: FILLING РЎРїРµС†РёР°Р»СЊРЅР°СЏ РЅР°С‡РёРЅРєР° СЃ СѓРЅРёРєР°Р»СЊРЅС‹Рј РІРєСѓСЃРѕРј С†РµРЅР° 999.99]" classname="IngredientTest" time="0.0"/>
  <testcase name="testPublicFields[РўРµСЃС‚ 13: FILLING РЎРїРµС†РёР°Р»СЊРЅР°СЏ РЅР°С‡РёРЅРєР° СЃ СѓРЅРёРєР°Р»СЊРЅС‹Рј РІРєСѓСЃРѕРј С†РµРЅР° 999.99]" classname="IngredientTest" time="0.0"/>
  <testcase name="testGetPrice[РўРµСЃС‚ 14: SAUCE Р”РѕСЂРѕРіРѕР№ СЃРѕСѓСЃ С†РµРЅР° 340,282,346,638,528,860,000,000,000,000,000,000,000]" classname="IngredientTest" time="0.0"/>
  <testcase name="testGetName[РўРµСЃС‚ 14: SAUCE Р”РѕСЂРѕРіРѕР№ СЃРѕСѓСЃ С†РµРЅР° 340,282,346,638,528,860,000,000,000,000,000,000,000]" classname="IngredientTest" time="0.0"/>
  <testcase name="testGetType[РўРµСЃС‚ 14: SAUCE Р”РѕСЂРѕРіРѕР№ СЃРѕСѓСЃ С†РµРЅР° 340,282,346,638,528,860,000,000,000,000,000,000,000]" classname="IngredientTest" time="0.0"/>
  <testcase name="testPublicFields[РўРµСЃС‚ 14: SAUCE Р”РѕСЂРѕРіРѕР№ СЃРѕСѓСЃ С†РµРЅР° 340,282,346,638,528,860,000,000,000,000,000,000,000]" classname="IngredientTest" time="0.0"/>
  <testcase name="testGetPrice[РўРµСЃС‚ 15: FILLING Р”РµС€РµРІР°СЏ РЅР°С‡РёРЅРєР° С†РµРЅР° 0]" classname="IngredientTest" time="0.0"/>
  <testcase name="testGetName[РўРµСЃС‚ 15: FILLING Р”РµС€РµРІР°СЏ РЅР°С‡РёРЅРєР° С†РµРЅР° 0]" classname="IngredientTest" time="0.0"/>
  <testcase name="testGetType[РўРµСЃС‚ 15: FILLING Р”РµС€РµРІР°СЏ РЅР°С‡РёРЅРєР° С†РµРЅР° 0]" classname="IngredientTest" time="0.0"/>
  <testcase name="testPublicFields[РўРµСЃС‚ 15: FILLING Р”РµС€РµРІР°СЏ РЅР°С‡РёРЅРєР° С†РµРЅР° 0]" classname="IngredientTest" time="0.0"/>
  <testcase name="testGetPrice[РўРµСЃС‚ 16: SAUCE РЎРѕСѓСЃ !@#$%^&amp;*() С†РµРЅР° 100]" classname="IngredientTest" time="0.0"/>
  <testcase name="testGetName[РўРµСЃС‚ 16: SAUCE РЎРѕСѓСЃ !@#$%^&amp;*() С†РµРЅР° 100]" classname="IngredientTest" time="0.0"/>
  <testcase name="testGetType[РўРµСЃС‚ 16: SAUCE РЎРѕСѓСЃ !@#$%^&amp;*() С†РµРЅР° 100]" classname="IngredientTest" time="0.0"/>
  <testcase name="testPublicFields[РўРµСЃС‚ 16: SAUCE РЎРѕСѓСЃ !@#$%^&amp;*() С†РµРЅР° 100]" classname="IngredientTest" time="0.0"/>
  <testcase name="testGetPrice[РўРµСЃС‚ 17: FILLING РќР°С‡РёРЅРєР° &amp; РЅР°Р·РІР°РЅРёРµ С†РµРЅР° 200]" classname="IngredientTest" time="0.0"/>
  <testcase name="testGetName[РўРµСЃС‚ 17: FILLING РќР°С‡РёРЅРєР° &amp; РЅР°Р·РІР°РЅРёРµ С†РµРЅР° 200]" classname="IngredientTest" time="0.0"/>
  <testcase name="testGetType[РўРµСЃС‚ 17: FILLING РќР°С‡РёРЅРєР° &amp; РЅР°Р·РІР°РЅРёРµ С†РµРЅР° 200]" classname="IngredientTest" time="0.0"/>
  <testcase name="testPublicFields[РўРµСЃС‚ 17: FILLING РќР°С‡РёРЅРєР° &amp; РЅР°Р·РІР°РЅРёРµ С†РµРЅР° 200]" classname="IngredientTest" time="0.0"/>
</testsuite>