<?xml version="1.0" encoding="UTF-8"?>
<testsuite xmlns:xsi="http://www.w3.org/2001/XMLSchema-instance" xsi:noNamespaceSchemaLocation="https://maven.apache.org/surefire/maven-surefire-plugin/xsd/surefire-test-report-3.0.xsd" version="3.0" name="BunTest" time="0.322" tests="32" errors="0" skipped="0" failures="0">
  <properties>
[...]
</properties>
  <testcase name="testGetPrice[РўРµСЃС‚ 0: Р‘СѓР»РѕС‡РєР° black bun СЃ С†РµРЅРѕР№ 100]" classname="BunTest" time="0.03"/>
  <testcase name="testGetName[РўРµСЃС‚ 0: Р‘СѓР»РѕС‡РєР° black bun СЃ С†РµРЅРѕР№ 100]" classname="BunTest" time="0.0"/>
  <testcase name="testBunWithNullName[РўРµСЃС‚ 0: Р‘СѓР»РѕС‡РєР° black bun СЃ С†РµРЅРѕР№ 100]" classname="BunTest" time="0.0"/>
  <testcase name="testPublicFields[РўРµСЃС‚ 0: Р‘СѓР»РѕС‡РєР° black bun СЃ С†РµРЅРѕР№ 100]" classname="BunTest" time="0.0"/>
  <testcase name="testGetPrice[РўРµСЃС‚ 1: Р‘СѓР»РѕС‡РєР° white bun СЃ С†РµРЅРѕР№ 200]" classname="BunTest" time="0.0"/>
  <testcase name="testGetName[РўРµСЃС‚ 1: Р‘СѓР»РѕС‡РєР° white bun СЃ С†РµРЅРѕР№ 200]" classname="BunTest" time="0.0"/>
  <testcase name="testBunWithNullName[РўРµСЃС‚ 1: Р‘СѓР»РѕС‡РєР° white bun СЃ С†РµРЅРѕР№ 200]" classname="BunTest" time="0.0"/>
  <testcase name="testPublicFields[РўРµСЃС‚ 1: Р‘СѓР»РѕС‡РєР° white bun СЃ С†РµРЅРѕР№ 200]" classname="BunTest" time="0.003"/>
  <testcase name="testGetPrice[РўРµСЃС‚ 2: Р‘СѓР»РѕС‡РєР° red bun СЃ С†РµРЅРѕР№ 300]" classname="BunTest" time="0.001"/>
  <testcase name="testGetName[РўРµСЃС‚ 2: Р‘СѓР»РѕС‡РєР° red bun СЃ С†РµРЅРѕР№ 300]" classname="BunTest" time="0.002"/>
  <testcase name="testBunWithNullName[РўРµСЃС‚ 2: Р‘СѓР»РѕС‡РєР° red bun СЃ С†РµРЅРѕР№ 300]" classname="BunTest" time="0.001"/>
  <testcase name="testPublicFields[РўРµСЃС‚ 2: Р‘СѓР»РѕС‡РєР° red bun СЃ С†РµРЅРѕР№ 300]" classname="BunTest" time="0.001"/>
  <testcase name="testGetPrice[РўРµСЃС‚ 3: Р‘СѓР»РѕС‡РєР°  СЃ С†РµРЅРѕР№ 0]" classname="BunTest" time="0.005"/>
  <testcase name="testGetName[РўРµСЃС‚ 3: Р‘СѓР»РѕС‡РєР°  СЃ С†РµРЅРѕР№ 0]" classname="BunTest" time="0.003"/>
  <testcase name="testBunWithNullName[РўРµСЃС‚ 3: Р‘СѓР»РѕС‡РєР°  СЃ С†РµРЅРѕР№ 0]" classname="BunTest" time="0.001"/>
  <testcase name="testPublicFields[РўРµСЃС‚ 3: Р‘СѓР»РѕС‡РєР°  СЃ С†РµРЅРѕР№ 0]" classname="BunTest" time="0.007"/>
  <testcase name="testGetPrice[РўРµСЃС‚ 4: Р‘СѓР»РѕС‡РєР° РўРµСЃС‚РѕРІР°СЏ СЃ С†РµРЅРѕР№ -50]" classname="BunTest" time="0.001"/>
  <testcase name="testGetName[РўРµСЃС‚ 4: Р‘СѓР»РѕС‡РєР° РўРµСЃС‚РѕРІР°СЏ СЃ С†РµРЅРѕР№ -50]" classname="BunTest" time="0.001"/>
  <testcase name="testBunWithNullName[РўРµСЃС‚ 4: Р‘СѓР»РѕС‡РєР° РўРµСЃС‚РѕРІР°СЏ СЃ С†РµРЅРѕР№ -50]" classname="BunTest" time="0.001"/>
  <testcase name="testPublicFields[РўРµСЃС‚ 4: Р‘СѓР»РѕС‡РєР° РўРµСЃС‚РѕРІР°СЏ СЃ С†РµРЅРѕР№ -50]" classname="BunTest" time="0.001"/>
  <testcase name="testGetPrice[РўРµСЃС‚ 5: Р‘СѓР»РѕС‡РєР° null СЃ С†РµРЅРѕР№ 100]" classname="BunTest" time="0.004"/>
  <testcase name="testGetName[РўРµСЃС‚ 5: Р‘СѓР»РѕС‡РєР° null СЃ С†РµРЅРѕР№ 100]" classname="BunTest" time="0.001"/>
  <testcase name="testBunWithNullName[РўРµСЃС‚ 5: Р‘СѓР»РѕС‡РєР° null СЃ С†РµРЅРѕР№ 100]" classname="BunTest" time="0.0"/>
  <testcase name="testPublicFields[РўРµСЃС‚ 5: Р‘СѓР»РѕС‡РєР° null СЃ С†РµРЅРѕР№ 100]" classname="BunTest" time="0.001"/>
  <testcase name="testGetPrice[РўРµСЃС‚ 6: Р‘СѓР»РѕС‡РєР° РћС‡РµРЅСЊ РґР»РёРЅРЅРѕРµ РЅР°Р·РІР°РЅРёРµ СЃ С†РµРЅРѕР№ 999.99]" classname="BunTest" time="0.001"/>
  <testcase name="testGetName[РўРµСЃС‚ 6: Р‘СѓР»РѕС‡РєР° РћС‡РµРЅСЊ РґР»РёРЅРЅРѕРµ РЅР°Р·РІР°РЅРёРµ СЃ С†РµРЅРѕР№ 999.99]" classname="BunTest" time="0.001"/>
  <testcase name="testBunWithNullName[РўРµСЃС‚ 6: Р‘СѓР»РѕС‡РєР° РћС‡РµРЅСЊ РґР»РёРЅРЅРѕРµ РЅР°Р·РІР°РЅРёРµ СЃ С†РµРЅРѕР№ 999.99]" classname="BunTest" time="0.0"/>
  <testcase name="testPublicFields[РўРµСЃС‚ 6: Р‘СѓР»РѕС‡РєР° РћС‡РµРЅСЊ РґР»РёРЅРЅРѕРµ РЅР°Р·РІР°РЅРёРµ СЃ С†РµРЅРѕР№ 999.99]" classname="BunTest" time="0.002"/>
  <testcase name="testGetPrice[РўРµСЃС‚ 7: Р‘СѓР»РѕС‡РєР° Р‘СѓР»РѕС‡РєР° СЃ СЃРёРјРІРѕР»РѕРј $%^ СЃ С†РµРЅРѕР№ 150.5]" classname="BunTest" time="0.0"/>
  <testcase name="testGetName[РўРµСЃС‚ 7: Р‘СѓР»РѕС‡РєР° Р‘СѓР»РѕС‡РєР° СЃ СЃРёРјРІРѕР»РѕРј $%^ СЃ С†РµРЅРѕР№ 150.5]" classname="BunTest" time="0.0"/>
  <testcase name="testBunWithNullName[РўРµСЃС‚ 7: Р‘СѓР»РѕС‡РєР° Р‘СѓР»РѕС‡РєР° СЃ СЃРёРјРІРѕР»РѕРј $%^ СЃ С†РµРЅРѕР№ 150.5]" classname="BunTest" time="0.0"/>
  <testcase name="testPublicFields[РўРµСЃС‚ 7: Р‘СѓР»РѕС‡РєР° Р‘СѓР»РѕС‡РєР° СЃ СЃРёРјРІРѕР»РѕРј $%^ СЃ С†РµРЅРѕР№ 150.5]" classname="BunTest" time="0.0"/>
</testsuite>